Flow report for LightPU
Mon Nov 05 12:12:27 2018
Quartus II Version 9.1 Build 222 10/21/2009 SJ Web Edition


---------------------
; Table of Contents ;
---------------------
  1. Legal Notice
  2. Flow Summary
  3. Flow Settings
  4. Flow Non-Default Global Settings
  5. Flow Elapsed Time
  6. Flow OS Summary
  7. Flow Log



----------------
; Legal Notice ;
----------------
Copyright (C) 1991-2009 Altera Corporation
Your use of Altera Corporation's design tools, logic functions 
and other software and tools, and its AMPP partner logic 
functions, and any output files from any of the foregoing 
(including device programming or simulation files), and any 
associated documentation or information are expressly subject 
to the terms and conditions of the Altera Program License 
Subscription Agreement, Altera MegaCore Function License 
Agreement, or other applicable license agreement, including, 
without limitation, that your use is for the sole purpose of 
programming logic devices manufactured by Altera and sold by 
Altera or its authorized distributors.  Please refer to the 
applicable agreement for further details.



+-------------------------------------------------------------------------+
; Flow Summary                                                            ;
+-------------------------------+-----------------------------------------+
; Flow Status                   ; Successful - Mon Nov 05 12:12:27 2018   ;
; Quartus II Version            ; 9.1 Build 222 10/21/2009 SJ Web Edition ;
; Revision Name                 ; LightPU                                 ;
; Top-level Entity Name         ; LightPU                                 ;
; Family                        ; Stratix II                              ;
; Met timing requirements       ; No                                      ;
; Logic utilization             ; 2 %                                     ;
;     Combinational ALUTs       ; 142 / 12,480 ( 1 % )                    ;
;     Dedicated logic registers ; 115 / 12,480 ( < 1 % )                  ;
; Total registers               ; 115                                     ;
; Total pins                    ; 107 / 343 ( 31 % )                      ;
; Total virtual pins            ; 0                                       ;
; Total block memory bits       ; 4,096 / 419,328 ( < 1 % )               ;
; DSP block 9-bit elements      ; 0 / 96 ( 0 % )                          ;
; Total PLLs                    ; 0 / 6 ( 0 % )                           ;
; Total DLLs                    ; 0 / 2 ( 0 % )                           ;
; Device                        ; EP2S15F484C3                            ;
; Timing Models                 ; Final                                   ;
+-------------------------------+-----------------------------------------+


+-----------------------------------------+
; Flow Settings                           ;
+-------------------+---------------------+
; Option            ; Setting             ;
+-------------------+---------------------+
; Start date & time ; 11/05/2018 12:12:14 ;
; Main task         ; Compilation         ;
; Revision Name     ; LightPU             ;
+-------------------+---------------------+


+--------------------------------------------------------------------------------------------------------------------+
; Flow Non-Default Global Settings                                                                                   ;
+------------------------------------+--------------------------------+---------------+-------------+----------------+
; Assignment Name                    ; Value                          ; Default Value ; Entity Name ; Section Id     ;
+------------------------------------+--------------------------------+---------------+-------------+----------------+
; COMPILER_SIGNATURE_ID              ; 53350625228565.154140913302728 ; --            ; --          ; --             ;
; IP_TOOL_NAME                       ; LPM_RAM_DQ                     ; --            ; --          ; --             ;
; IP_TOOL_NAME                       ; LPM_FF                         ; --            ; --          ; --             ;
; IP_TOOL_NAME                       ; LPM_MUX                        ; --            ; --          ; --             ;
; IP_TOOL_NAME                       ; LPM_DECODE                     ; --            ; --          ; --             ;
; IP_TOOL_NAME                       ; LPM_FF                         ; --            ; --          ; --             ;
; IP_TOOL_NAME                       ; LPM_CONSTANT                   ; --            ; --          ; --             ;
; IP_TOOL_NAME                       ; LPM_COUNTER                    ; --            ; --          ; --             ;
; IP_TOOL_NAME                       ; LPM_FF                         ; --            ; --          ; --             ;
; IP_TOOL_NAME                       ; LPM_ADD_SUB                    ; --            ; --          ; --             ;
; IP_TOOL_NAME                       ; LPM_FF                         ; --            ; --          ; --             ;
; IP_TOOL_NAME                       ; LPM_DECODE                     ; --            ; --          ; --             ;
; IP_TOOL_NAME                       ; LPM_COUNTER                    ; --            ; --          ; --             ;
; IP_TOOL_NAME                       ; LPM_MUX                        ; --            ; --          ; --             ;
; IP_TOOL_NAME                       ; LPM_ADD_SUB                    ; --            ; --          ; --             ;
; IP_TOOL_NAME                       ; LPM_MULT                       ; --            ; --          ; --             ;
; IP_TOOL_NAME                       ; LPM_ROM                        ; --            ; --          ; --             ;
; IP_TOOL_NAME                       ; LPM_BUSTRI                     ; --            ; --          ; --             ;
; IP_TOOL_NAME                       ; LPM_ADD_SUB                    ; --            ; --          ; --             ;
; IP_TOOL_VERSION                    ; 9.1                            ; --            ; --          ; --             ;
; IP_TOOL_VERSION                    ; 9.1                            ; --            ; --          ; --             ;
; IP_TOOL_VERSION                    ; 9.1                            ; --            ; --          ; --             ;
; IP_TOOL_VERSION                    ; 9.1                            ; --            ; --          ; --             ;
; IP_TOOL_VERSION                    ; 9.1                            ; --            ; --          ; --             ;
; IP_TOOL_VERSION                    ; 9.1                            ; --            ; --          ; --             ;
; IP_TOOL_VERSION                    ; 9.1                            ; --            ; --          ; --             ;
; IP_TOOL_VERSION                    ; 9.1                            ; --            ; --          ; --             ;
; IP_TOOL_VERSION                    ; 9.1                            ; --            ; --          ; --             ;
; IP_TOOL_VERSION                    ; 9.1                            ; --            ; --          ; --             ;
; IP_TOOL_VERSION                    ; 9.1                            ; --            ; --          ; --             ;
; IP_TOOL_VERSION                    ; 9.1                            ; --            ; --          ; --             ;
; IP_TOOL_VERSION                    ; 9.1                            ; --            ; --          ; --             ;
; IP_TOOL_VERSION                    ; 9.1                            ; --            ; --          ; --             ;
; IP_TOOL_VERSION                    ; 9.1                            ; --            ; --          ; --             ;
; IP_TOOL_VERSION                    ; 9.1                            ; --            ; --          ; --             ;
; IP_TOOL_VERSION                    ; 9.1                            ; --            ; --          ; --             ;
; IP_TOOL_VERSION                    ; 9.1                            ; --            ; --          ; --             ;
; MISC_FILE                          ; lpm_ram_dq0.tdf                ; --            ; --          ; --             ;
; MISC_FILE                          ; lpm_ram_dq0.bsf                ; --            ; --          ; --             ;
; MISC_FILE                          ; lpm_ram_dq0_inst.tdf           ; --            ; --          ; --             ;
; MISC_FILE                          ; lpm_ram_dq0.inc                ; --            ; --          ; --             ;
; MISC_FILE                          ; lpm_ram_dq0.cmp                ; --            ; --          ; --             ;
; MISC_FILE                          ; lpm_dff0.tdf                   ; --            ; --          ; --             ;
; MISC_FILE                          ; lpm_dff0.bsf                   ; --            ; --          ; --             ;
; MISC_FILE                          ; lpm_dff0_inst.tdf              ; --            ; --          ; --             ;
; MISC_FILE                          ; lpm_dff0.inc                   ; --            ; --          ; --             ;
; MISC_FILE                          ; lpm_dff0.cmp                   ; --            ; --          ; --             ;
; MISC_FILE                          ; lpm_mux0.tdf                   ; --            ; --          ; --             ;
; MISC_FILE                          ; lpm_mux0.bsf                   ; --            ; --          ; --             ;
; MISC_FILE                          ; lpm_mux0_inst.tdf              ; --            ; --          ; --             ;
; MISC_FILE                          ; lpm_mux0.inc                   ; --            ; --          ; --             ;
; MISC_FILE                          ; lpm_mux0.cmp                   ; --            ; --          ; --             ;
; MISC_FILE                          ; lpm_decode0.tdf                ; --            ; --          ; --             ;
; MISC_FILE                          ; lpm_decode0.bsf                ; --            ; --          ; --             ;
; MISC_FILE                          ; lpm_decode0_inst.tdf           ; --            ; --          ; --             ;
; MISC_FILE                          ; lpm_decode0.inc                ; --            ; --          ; --             ;
; MISC_FILE                          ; lpm_decode0.cmp                ; --            ; --          ; --             ;
; MISC_FILE                          ; lpm_dff1.tdf                   ; --            ; --          ; --             ;
; MISC_FILE                          ; lpm_dff1.bsf                   ; --            ; --          ; --             ;
; MISC_FILE                          ; lpm_dff1_inst.tdf              ; --            ; --          ; --             ;
; MISC_FILE                          ; lpm_dff1.inc                   ; --            ; --          ; --             ;
; MISC_FILE                          ; lpm_dff1.cmp                   ; --            ; --          ; --             ;
; MISC_FILE                          ; lpm_constant0.tdf              ; --            ; --          ; --             ;
; MISC_FILE                          ; lpm_constant0.bsf              ; --            ; --          ; --             ;
; MISC_FILE                          ; lpm_constant0_inst.tdf         ; --            ; --          ; --             ;
; MISC_FILE                          ; lpm_constant0.inc              ; --            ; --          ; --             ;
; MISC_FILE                          ; lpm_constant0.cmp              ; --            ; --          ; --             ;
; MISC_FILE                          ; lpm_counter0.tdf               ; --            ; --          ; --             ;
; MISC_FILE                          ; lpm_counter0.bsf               ; --            ; --          ; --             ;
; MISC_FILE                          ; lpm_counter0_inst.tdf          ; --            ; --          ; --             ;
; MISC_FILE                          ; lpm_counter0.inc               ; --            ; --          ; --             ;
; MISC_FILE                          ; lpm_counter0.cmp               ; --            ; --          ; --             ;
; MISC_FILE                          ; lpm_dff2.tdf                   ; --            ; --          ; --             ;
; MISC_FILE                          ; lpm_dff2.bsf                   ; --            ; --          ; --             ;
; MISC_FILE                          ; lpm_dff2_inst.tdf              ; --            ; --          ; --             ;
; MISC_FILE                          ; lpm_dff2.inc                   ; --            ; --          ; --             ;
; MISC_FILE                          ; lpm_dff2.cmp                   ; --            ; --          ; --             ;
; MISC_FILE                          ; lpm_add_sub0.tdf               ; --            ; --          ; --             ;
; MISC_FILE                          ; lpm_add_sub0.bsf               ; --            ; --          ; --             ;
; MISC_FILE                          ; lpm_add_sub0_inst.tdf          ; --            ; --          ; --             ;
; MISC_FILE                          ; lpm_add_sub0.inc               ; --            ; --          ; --             ;
; MISC_FILE                          ; lpm_add_sub0.cmp               ; --            ; --          ; --             ;
; MISC_FILE                          ; lpm_dff3.tdf                   ; --            ; --          ; --             ;
; MISC_FILE                          ; lpm_dff3.bsf                   ; --            ; --          ; --             ;
; MISC_FILE                          ; lpm_dff3_inst.tdf              ; --            ; --          ; --             ;
; MISC_FILE                          ; lpm_dff3.inc                   ; --            ; --          ; --             ;
; MISC_FILE                          ; lpm_dff3.cmp                   ; --            ; --          ; --             ;
; MISC_FILE                          ; lpm_decode1.tdf                ; --            ; --          ; --             ;
; MISC_FILE                          ; lpm_decode1.bsf                ; --            ; --          ; --             ;
; MISC_FILE                          ; lpm_decode1_inst.tdf           ; --            ; --          ; --             ;
; MISC_FILE                          ; lpm_decode1.inc                ; --            ; --          ; --             ;
; MISC_FILE                          ; lpm_decode1.cmp                ; --            ; --          ; --             ;
; MISC_FILE                          ; lpm_counter1.tdf               ; --            ; --          ; --             ;
; MISC_FILE                          ; lpm_counter1.bsf               ; --            ; --          ; --             ;
; MISC_FILE                          ; lpm_counter1_inst.tdf          ; --            ; --          ; --             ;
; MISC_FILE                          ; lpm_counter1.inc               ; --            ; --          ; --             ;
; MISC_FILE                          ; lpm_counter1.cmp               ; --            ; --          ; --             ;
; MISC_FILE                          ; lpm_mux1.tdf                   ; --            ; --          ; --             ;
; MISC_FILE                          ; lpm_mux1.bsf                   ; --            ; --          ; --             ;
; MISC_FILE                          ; lpm_mux1_inst.tdf              ; --            ; --          ; --             ;
; MISC_FILE                          ; lpm_mux1.inc                   ; --            ; --          ; --             ;
; MISC_FILE                          ; lpm_mux1.cmp                   ; --            ; --          ; --             ;
; MISC_FILE                          ; lpm_add_sub1.tdf               ; --            ; --          ; --             ;
; MISC_FILE                          ; lpm_add_sub1.bsf               ; --            ; --          ; --             ;
; MISC_FILE                          ; lpm_add_sub1_inst.tdf          ; --            ; --          ; --             ;
; MISC_FILE                          ; lpm_add_sub1.inc               ; --            ; --          ; --             ;
; MISC_FILE                          ; lpm_add_sub1.cmp               ; --            ; --          ; --             ;
; MISC_FILE                          ; lpm_mult0.tdf                  ; --            ; --          ; --             ;
; MISC_FILE                          ; lpm_mult0.bsf                  ; --            ; --          ; --             ;
; MISC_FILE                          ; lpm_mult0_inst.tdf             ; --            ; --          ; --             ;
; MISC_FILE                          ; lpm_mult0.inc                  ; --            ; --          ; --             ;
; MISC_FILE                          ; lpm_mult0.cmp                  ; --            ; --          ; --             ;
; MISC_FILE                          ; lpm_rom0.tdf                   ; --            ; --          ; --             ;
; MISC_FILE                          ; lpm_rom0.bsf                   ; --            ; --          ; --             ;
; MISC_FILE                          ; lpm_rom0_inst.tdf              ; --            ; --          ; --             ;
; MISC_FILE                          ; lpm_rom0.inc                   ; --            ; --          ; --             ;
; MISC_FILE                          ; lpm_rom0.cmp                   ; --            ; --          ; --             ;
; MISC_FILE                          ; lpm_bustri0.tdf                ; --            ; --          ; --             ;
; MISC_FILE                          ; lpm_bustri0.bsf                ; --            ; --          ; --             ;
; MISC_FILE                          ; lpm_bustri0_inst.tdf           ; --            ; --          ; --             ;
; MISC_FILE                          ; lpm_bustri0.inc                ; --            ; --          ; --             ;
; MISC_FILE                          ; lpm_bustri0.cmp                ; --            ; --          ; --             ;
; MISC_FILE                          ; lpm_add_sub2.tdf               ; --            ; --          ; --             ;
; MISC_FILE                          ; lpm_add_sub2.bsf               ; --            ; --          ; --             ;
; MISC_FILE                          ; lpm_add_sub2_inst.tdf          ; --            ; --          ; --             ;
; MISC_FILE                          ; lpm_add_sub2.inc               ; --            ; --          ; --             ;
; MISC_FILE                          ; lpm_add_sub2.cmp               ; --            ; --          ; --             ;
; PARTITION_COLOR                    ; 16764057                       ; --            ; --          ; Top            ;
; PARTITION_NETLIST_TYPE             ; SOURCE                         ; --            ; --          ; Top            ;
; USE_GENERATED_PHYSICAL_CONSTRAINTS ; Off                            ; --            ; --          ; eda_blast_fpga ;
+------------------------------------+--------------------------------+---------------+-------------+----------------+


+-----------------------------------------------------------------------------------------------------------------------------+
; Flow Elapsed Time                                                                                                           ;
+-------------------------+--------------+-------------------------+---------------------+------------------------------------+
; Module Name             ; Elapsed Time ; Average Processors Used ; Peak Virtual Memory ; Total CPU Time (on all processors) ;
+-------------------------+--------------+-------------------------+---------------------+------------------------------------+
; Analysis & Synthesis    ; 00:00:04     ; 1.0                     ; 262 MB              ; 00:00:07                           ;
; Fitter                  ; 00:00:05     ; 1.0                     ; 313 MB              ; 00:00:06                           ;
; Assembler               ; 00:00:02     ; 1.0                     ; 268 MB              ; 00:00:02                           ;
; Classic Timing Analyzer ; 00:00:00     ; 1.0                     ; 199 MB              ; 00:00:01                           ;
; Total                   ; 00:00:11     ; --                      ; --                  ; 00:00:16                           ;
+-------------------------+--------------+-------------------------+---------------------+------------------------------------+


+------------------------------------------------------------------------------------------+
; Flow OS Summary                                                                          ;
+-------------------------+------------------+---------------+------------+----------------+
; Module Name             ; Machine Hostname ; OS Name       ; OS Version ; Processor type ;
+-------------------------+------------------+---------------+------------+----------------+
; Analysis & Synthesis    ; AsusG75VW        ; Windows Vista ; 6.2        ; x86_64         ;
; Fitter                  ; AsusG75VW        ; Windows Vista ; 6.2        ; x86_64         ;
; Assembler               ; AsusG75VW        ; Windows Vista ; 6.2        ; x86_64         ;
; Classic Timing Analyzer ; AsusG75VW        ; Windows Vista ; 6.2        ; x86_64         ;
+-------------------------+------------------+---------------+------------+----------------+


------------
; Flow Log ;
------------
quartus_map --read_settings_files=on --write_settings_files=off LightPU -c LightPU
quartus_fit --read_settings_files=off --write_settings_files=off LightPU -c LightPU
quartus_asm --read_settings_files=off --write_settings_files=off LightPU -c LightPU
quartus_tan --read_settings_files=off --write_settings_files=off LightPU -c LightPU --timing_analysis_only



