Analysis & Synthesis report for Memory
Wed Oct 17 08:26:58 2018
Quartus II Version 9.1 Build 222 10/21/2009 SJ Web Edition


---------------------
; Table of Contents ;
---------------------
  1. Legal Notice
  2. Analysis & Synthesis Summary
  3. Analysis & Synthesis Settings
  4. Parallel Compilation
  5. Analysis & Synthesis Source Files Read
  6. Analysis & Synthesis Resource Usage Summary
  7. Analysis & Synthesis Resource Utilization by Entity
  8. General Register Statistics
  9. Multiplexer Restructuring Statistics (Restructuring Performed)
 10. Source assignments for lpm_counter0:inst50|lpm_counter:lpm_counter_component
 11. Parameter Settings for User Entity Instance: lpm_compare0:inst42|lpm_compare:lpm_compare_component
 12. Parameter Settings for User Entity Instance: lpm_counter0:inst50|lpm_counter:lpm_counter_component
 13. Parameter Settings for User Entity Instance: lpm_bustri0:inst7|lpm_bustri:lpm_bustri_component
 14. Parameter Settings for User Entity Instance: lpm_mux2:inst24|lpm_mux:lpm_mux_component
 15. Parameter Settings for User Entity Instance: lpm_constant0:inst41|lpm_constant:lpm_constant_component
 16. Parameter Settings for User Entity Instance: lpm_dff0:inst5|lpm_ff:lpm_ff_component
 17. Parameter Settings for User Entity Instance: lpm_decode0:inst8|lpm_decode:lpm_decode_component
 18. Parameter Settings for User Entity Instance: lpm_dff0:inst3|lpm_ff:lpm_ff_component
 19. Parameter Settings for User Entity Instance: lpm_dff0:inst2|lpm_ff:lpm_ff_component
 20. Parameter Settings for User Entity Instance: lpm_dff0:inst1|lpm_ff:lpm_ff_component
 21. Parameter Settings for User Entity Instance: lpm_dff0:inst|lpm_ff:lpm_ff_component
 22. Parameter Settings for User Entity Instance: lpm_dff0:inst4|lpm_ff:lpm_ff_component
 23. Parameter Settings for User Entity Instance: lpm_dff0:inst6|lpm_ff:lpm_ff_component
 24. Parameter Settings for User Entity Instance: lpm_dff0:inst9|lpm_ff:lpm_ff_component
 25. Analysis & Synthesis Messages



----------------
; Legal Notice ;
----------------
Copyright (C) 1991-2009 Altera Corporation
Your use of Altera Corporation's design tools, logic functions 
and other software and tools, and its AMPP partner logic 
functions, and any output files from any of the foregoing 
(including device programming or simulation files), and any 
associated documentation or information are expressly subject 
to the terms and conditions of the Altera Program License 
Subscription Agreement, Altera MegaCore Function License 
Agreement, or other applicable license agreement, including, 
without limitation, that your use is for the sole purpose of 
programming logic devices manufactured by Altera and sold by 
Altera or its authorized distributors.  Please refer to the 
applicable agreement for further details.



+-------------------------------------------------------------------------+
; Analysis & Synthesis Summary                                            ;
+-------------------------------+-----------------------------------------+
; Analysis & Synthesis Status   ; Successful - Wed Oct 17 08:26:58 2018   ;
; Quartus II Version            ; 9.1 Build 222 10/21/2009 SJ Web Edition ;
; Revision Name                 ; Memory                                  ;
; Top-level Entity Name         ; memory                                  ;
; Family                        ; Stratix II                              ;
; Logic utilization             ; N/A                                     ;
;     Combinational ALUTs       ; 62                                      ;
;     Dedicated logic registers ; 71                                      ;
; Total registers               ; 71                                      ;
; Total pins                    ; 102                                     ;
; Total virtual pins            ; 0                                       ;
; Total block memory bits       ; 0                                       ;
; DSP block 9-bit elements      ; 0                                       ;
; Total PLLs                    ; 0                                       ;
; Total DLLs                    ; 0                                       ;
+-------------------------------+-----------------------------------------+


+----------------------------------------------------------------------------------------------------------------------+
; Analysis & Synthesis Settings                                                                                        ;
+----------------------------------------------------------------------------+--------------------+--------------------+
; Option                                                                     ; Setting            ; Default Value      ;
+----------------------------------------------------------------------------+--------------------+--------------------+
; Top-level entity name                                                      ; Memory             ; Memory             ;
; Family name                                                                ; Stratix II         ; Stratix II         ;
; Use Generated Physical Constraints File                                    ; Off                ;                    ;
; Use smart compilation                                                      ; Off                ; Off                ;
; Enable parallel Assembler and TimeQuest Timing Analyzer during compilation ; On                 ; On                 ;
; Enable compact report table                                                ; Off                ; Off                ;
; Restructure Multiplexers                                                   ; Auto               ; Auto               ;
; Create Debugging Nodes for IP Cores                                        ; Off                ; Off                ;
; Preserve fewer node names                                                  ; On                 ; On                 ;
; Disable OpenCore Plus hardware evaluation                                  ; Off                ; Off                ;
; Verilog Version                                                            ; Verilog_2001       ; Verilog_2001       ;
; VHDL Version                                                               ; VHDL_1993          ; VHDL_1993          ;
; State Machine Processing                                                   ; Auto               ; Auto               ;
; Safe State Machine                                                         ; Off                ; Off                ;
; Extract Verilog State Machines                                             ; On                 ; On                 ;
; Extract VHDL State Machines                                                ; On                 ; On                 ;
; Ignore Verilog initial constructs                                          ; Off                ; Off                ;
; Iteration limit for constant Verilog loops                                 ; 5000               ; 5000               ;
; Iteration limit for non-constant Verilog loops                             ; 250                ; 250                ;
; Add Pass-Through Logic to Inferred RAMs                                    ; On                 ; On                 ;
; Parallel Synthesis                                                         ; On                 ; On                 ;
; DSP Block Balancing                                                        ; Auto               ; Auto               ;
; NOT Gate Push-Back                                                         ; On                 ; On                 ;
; Power-Up Don't Care                                                        ; On                 ; On                 ;
; Remove Redundant Logic Cells                                               ; Off                ; Off                ;
; Remove Duplicate Registers                                                 ; On                 ; On                 ;
; Ignore CARRY Buffers                                                       ; Off                ; Off                ;
; Ignore CASCADE Buffers                                                     ; Off                ; Off                ;
; Ignore GLOBAL Buffers                                                      ; Off                ; Off                ;
; Ignore ROW GLOBAL Buffers                                                  ; Off                ; Off                ;
; Ignore LCELL Buffers                                                       ; Off                ; Off                ;
; Ignore SOFT Buffers                                                        ; On                 ; On                 ;
; Limit AHDL Integers to 32 Bits                                             ; Off                ; Off                ;
; Optimization Technique                                                     ; Balanced           ; Balanced           ;
; Carry Chain Length                                                         ; 70                 ; 70                 ;
; Auto Carry Chains                                                          ; On                 ; On                 ;
; Auto Open-Drain Pins                                                       ; On                 ; On                 ;
; Perform WYSIWYG Primitive Resynthesis                                      ; Off                ; Off                ;
; Auto ROM Replacement                                                       ; On                 ; On                 ;
; Auto RAM Replacement                                                       ; On                 ; On                 ;
; Auto DSP Block Replacement                                                 ; On                 ; On                 ;
; Auto Shift Register Replacement                                            ; Auto               ; Auto               ;
; Auto Clock Enable Replacement                                              ; On                 ; On                 ;
; Strict RAM Replacement                                                     ; Off                ; Off                ;
; Allow Synchronous Control Signals                                          ; On                 ; On                 ;
; Force Use of Synchronous Clear Signals                                     ; Off                ; Off                ;
; Auto RAM Block Balancing                                                   ; On                 ; On                 ;
; Auto RAM to Logic Cell Conversion                                          ; Off                ; Off                ;
; Auto Resource Sharing                                                      ; Off                ; Off                ;
; Allow Any RAM Size For Recognition                                         ; Off                ; Off                ;
; Allow Any ROM Size For Recognition                                         ; Off                ; Off                ;
; Allow Any Shift Register Size For Recognition                              ; Off                ; Off                ;
; Use LogicLock Constraints during Resource Balancing                        ; On                 ; On                 ;
; Ignore translate_off and synthesis_off directives                          ; Off                ; Off                ;
; Timing-Driven Synthesis                                                    ; Off                ; Off                ;
; Show Parameter Settings Tables in Synthesis Report                         ; On                 ; On                 ;
; Ignore Maximum Fan-Out Assignments                                         ; Off                ; Off                ;
; Synchronization Register Chain Length                                      ; 2                  ; 2                  ;
; PowerPlay Power Optimization                                               ; Normal compilation ; Normal compilation ;
; HDL message level                                                          ; Level2             ; Level2             ;
; Suppress Register Optimization Related Messages                            ; Off                ; Off                ;
; Number of Removed Registers Reported in Synthesis Report                   ; 100                ; 100                ;
; Number of Inverted Registers Reported in Synthesis Report                  ; 100                ; 100                ;
; Clock MUX Protection                                                       ; On                 ; On                 ;
; Auto Gated Clock Conversion                                                ; Off                ; Off                ;
; Block Design Naming                                                        ; Auto               ; Auto               ;
; SDC constraint protection                                                  ; Off                ; Off                ;
; Synthesis Effort                                                           ; Auto               ; Auto               ;
; Shift Register Replacement - Allow Asynchronous Clear Signal               ; On                 ; On                 ;
; Analysis & Synthesis Message Level                                         ; Medium             ; Medium             ;
; Disable Register Merging Across Hierarchies                                ; Auto               ; Auto               ;
; Resource Aware Inference For Block RAM                                     ; On                 ; On                 ;
+----------------------------------------------------------------------------+--------------------+--------------------+


Parallel compilation was disabled, but you have multiple processors available. Enable parallel compilation to reduce compilation time.
+-------------------------------------+
; Parallel Compilation                ;
+----------------------------+--------+
; Processors                 ; Number ;
+----------------------------+--------+
; Number detected on machine ; 4      ;
; Maximum allowed            ; 1      ;
+----------------------------+--------+


+-------------------------------------------------------------------------------------------------------------------------------------------------------------+
; Analysis & Synthesis Source Files Read                                                                                                                      ;
+----------------------------------+-----------------+------------------------------------------+-------------------------------------------------------------+
; File Name with User-Entered Path ; Used in Netlist ; File Type                                ; File Name with Absolute Path                                ;
+----------------------------------+-----------------+------------------------------------------+-------------------------------------------------------------+
; memory.bdf                       ; yes             ; Auto-Found Block Diagram/Schematic File  ; C:/Quartus/lab3/memory.bdf                                  ;
; lpm_compare0.tdf                 ; yes             ; Auto-Found Wizard-Generated File         ; C:/Quartus/lab3/lpm_compare0.tdf                            ;
; lpm_compare.inc                  ; yes             ; Megafunction                             ; c:/quartus/quartus/libraries/megafunctions/lpm_compare.inc  ;
; lpm_compare.tdf                  ; yes             ; Megafunction                             ; c:/quartus/quartus/libraries/megafunctions/lpm_compare.tdf  ;
; db/cmpr_i8j.tdf                  ; yes             ; Auto-Generated Megafunction              ; C:/Quartus/lab3/db/cmpr_i8j.tdf                             ;
; lpm_counter0.tdf                 ; yes             ; Auto-Found Wizard-Generated File         ; C:/Quartus/lab3/lpm_counter0.tdf                            ;
; lpm_counter.inc                  ; yes             ; Megafunction                             ; c:/quartus/quartus/libraries/megafunctions/lpm_counter.inc  ;
; lpm_counter.tdf                  ; yes             ; Megafunction                             ; c:/quartus/quartus/libraries/megafunctions/lpm_counter.tdf  ;
; lpm_constant.inc                 ; yes             ; Megafunction                             ; c:/quartus/quartus/libraries/megafunctions/lpm_constant.inc ;
; lpm_decode.inc                   ; yes             ; Megafunction                             ; c:/quartus/quartus/libraries/megafunctions/lpm_decode.inc   ;
; db/cntr_uaj.tdf                  ; yes             ; Auto-Generated Megafunction              ; C:/Quartus/lab3/db/cntr_uaj.tdf                             ;
; lpm_bustri0.tdf                  ; yes             ; Auto-Found Wizard-Generated File         ; C:/Quartus/lab3/lpm_bustri0.tdf                             ;
; lpm_bustri.inc                   ; yes             ; Auto-Found AHDL File                     ; c:/quartus/quartus/libraries/megafunctions/lpm_bustri.inc   ;
; lpm_bustri.tdf                   ; yes             ; Megafunction                             ; c:/quartus/quartus/libraries/megafunctions/lpm_bustri.tdf   ;
; lpm_mux2.tdf                     ; yes             ; Auto-Found Wizard-Generated File         ; C:/Quartus/lab3/lpm_mux2.tdf                                ;
; lpm_mux.inc                      ; yes             ; Auto-Found AHDL File                     ; c:/quartus/quartus/libraries/megafunctions/lpm_mux.inc      ;
; lpm_mux.tdf                      ; yes             ; Megafunction                             ; c:/quartus/quartus/libraries/megafunctions/lpm_mux.tdf      ;
; db/mux_8oc.tdf                   ; yes             ; Auto-Generated Megafunction              ; C:/Quartus/lab3/db/mux_8oc.tdf                              ;
; lpm_constant0.tdf                ; yes             ; Auto-Found Wizard-Generated File         ; C:/Quartus/lab3/lpm_constant0.tdf                           ;
; lpm_constant.tdf                 ; yes             ; Megafunction                             ; c:/quartus/quartus/libraries/megafunctions/lpm_constant.tdf ;
; lpm_dff0.tdf                     ; yes             ; Auto-Found Wizard-Generated File         ; C:/Quartus/lab3/lpm_dff0.tdf                                ;
; lpm_ff.inc                       ; yes             ; Auto-Found AHDL File                     ; c:/quartus/quartus/libraries/megafunctions/lpm_ff.inc       ;
; lpm_ff.tdf                       ; yes             ; Megafunction                             ; c:/quartus/quartus/libraries/megafunctions/lpm_ff.tdf       ;
; lpm_decode0.tdf                  ; yes             ; Auto-Found Wizard-Generated File         ; C:/Quartus/lab3/lpm_decode0.tdf                             ;
; lpm_decode.tdf                   ; yes             ; Megafunction                             ; c:/quartus/quartus/libraries/megafunctions/lpm_decode.tdf   ;
; db/decode_e9f.tdf                ; yes             ; Auto-Generated Megafunction              ; C:/Quartus/lab3/db/decode_e9f.tdf                           ;
+----------------------------------+-----------------+------------------------------------------+-------------------------------------------------------------+


+-----------------------------------------------------------------------------------------------------------------------------------------+
; Analysis & Synthesis Resource Usage Summary                                                                                             ;
+-----------------------------------------------+-----------------------------------------------------------------------------------------+
; Resource                                      ; Usage                                                                                   ;
+-----------------------------------------------+-----------------------------------------------------------------------------------------+
; Estimated ALUTs Used                          ; 62                                                                                      ;
; Dedicated logic registers                     ; 71                                                                                      ;
;                                               ;                                                                                         ;
; Estimated ALUTs Unavailable                   ; 0                                                                                       ;
;                                               ;                                                                                         ;
; Total combinational functions                 ; 62                                                                                      ;
; Combinational ALUT usage by number of inputs  ;                                                                                         ;
;     -- 7 input functions                      ; 0                                                                                       ;
;     -- 6 input functions                      ; 24                                                                                      ;
;     -- 5 input functions                      ; 8                                                                                       ;
;     -- 4 input functions                      ; 12                                                                                      ;
;     -- <=3 input functions                    ; 18                                                                                      ;
;                                               ;                                                                                         ;
; Combinational ALUTs by mode                   ;                                                                                         ;
;     -- normal mode                            ; 58                                                                                      ;
;     -- extended LUT mode                      ; 0                                                                                       ;
;     -- arithmetic mode                        ; 4                                                                                       ;
;     -- shared arithmetic mode                 ; 0                                                                                       ;
;                                               ;                                                                                         ;
; Estimated ALUT/register pairs used            ; 108                                                                                     ;
;                                               ;                                                                                         ;
; Total registers                               ; 71                                                                                      ;
;     -- Dedicated logic registers              ; 71                                                                                      ;
;     -- I/O registers                          ; 0                                                                                       ;
;                                               ;                                                                                         ;
; Estimated ALMs:  partially or completely used ; 54                                                                                      ;
;                                               ;                                                                                         ;
; I/O pins                                      ; 102                                                                                     ;
; Maximum fan-out node                          ; lpm_counter0:inst50|lpm_counter:lpm_counter_component|cntr_uaj:auto_generated|safe_q[0] ;
; Maximum fan-out                               ; 38                                                                                      ;
; Total fan-out                                 ; 517                                                                                     ;
; Average fan-out                               ; 2.20                                                                                    ;
+-----------------------------------------------+-----------------------------------------------------------------------------------------+


+--------------------------------------------------------------------------------------------------------------------------------------------------------------------------------------------------------------------------------------------------------------------------------+
; Analysis & Synthesis Resource Utilization by Entity                                                                                                                                                                                                                            ;
+-------------------------------------------+-------------------+--------------+-------------------+--------------+---------+-----------+-----------+------+--------------+---------------------------------------------------------------------------------------+--------------+
; Compilation Hierarchy Node                ; LC Combinationals ; LC Registers ; Block Memory Bits ; DSP Elements ; DSP 9x9 ; DSP 18x18 ; DSP 36x36 ; Pins ; Virtual Pins ; Full Hierarchy Name                                                                   ; Library Name ;
+-------------------------------------------+-------------------+--------------+-------------------+--------------+---------+-----------+-----------+------+--------------+---------------------------------------------------------------------------------------+--------------+
; |memory                                   ; 62 (12)           ; 71 (3)       ; 0                 ; 0            ; 0       ; 0         ; 0         ; 102  ; 0            ; |memory                                                                               ; work         ;
;    |lpm_bustri0:inst7|                    ; 8 (0)             ; 0 (0)        ; 0                 ; 0            ; 0       ; 0         ; 0         ; 0    ; 0            ; |memory|lpm_bustri0:inst7                                                             ; work         ;
;       |lpm_bustri:lpm_bustri_component|   ; 8 (8)             ; 0 (0)        ; 0                 ; 0            ; 0       ; 0         ; 0         ; 0    ; 0            ; |memory|lpm_bustri0:inst7|lpm_bustri:lpm_bustri_component                             ; work         ;
;    |lpm_compare0:inst42|                  ; 1 (0)             ; 0 (0)        ; 0                 ; 0            ; 0       ; 0         ; 0         ; 0    ; 0            ; |memory|lpm_compare0:inst42                                                           ;              ;
;       |lpm_compare:lpm_compare_component| ; 1 (0)             ; 0 (0)        ; 0                 ; 0            ; 0       ; 0         ; 0         ; 0    ; 0            ; |memory|lpm_compare0:inst42|lpm_compare:lpm_compare_component                         ; work         ;
;          |cmpr_i8j:auto_generated|        ; 1 (1)             ; 0 (0)        ; 0                 ; 0            ; 0       ; 0         ; 0         ; 0    ; 0            ; |memory|lpm_compare0:inst42|lpm_compare:lpm_compare_component|cmpr_i8j:auto_generated ; work         ;
;    |lpm_counter0:inst50|                  ; 4 (0)             ; 4 (0)        ; 0                 ; 0            ; 0       ; 0         ; 0         ; 0    ; 0            ; |memory|lpm_counter0:inst50                                                           ; work         ;
;       |lpm_counter:lpm_counter_component| ; 4 (0)             ; 4 (0)        ; 0                 ; 0            ; 0       ; 0         ; 0         ; 0    ; 0            ; |memory|lpm_counter0:inst50|lpm_counter:lpm_counter_component                         ; work         ;
;          |cntr_uaj:auto_generated|        ; 4 (4)             ; 4 (4)        ; 0                 ; 0            ; 0       ; 0         ; 0         ; 0    ; 0            ; |memory|lpm_counter0:inst50|lpm_counter:lpm_counter_component|cntr_uaj:auto_generated ; work         ;
;    |lpm_decode0:inst8|                    ; 9 (0)             ; 0 (0)        ; 0                 ; 0            ; 0       ; 0         ; 0         ; 0    ; 0            ; |memory|lpm_decode0:inst8                                                             ; work         ;
;       |lpm_decode:lpm_decode_component|   ; 9 (0)             ; 0 (0)        ; 0                 ; 0            ; 0       ; 0         ; 0         ; 0    ; 0            ; |memory|lpm_decode0:inst8|lpm_decode:lpm_decode_component                             ; work         ;
;          |decode_e9f:auto_generated|      ; 9 (9)             ; 0 (0)        ; 0                 ; 0            ; 0       ; 0         ; 0         ; 0    ; 0            ; |memory|lpm_decode0:inst8|lpm_decode:lpm_decode_component|decode_e9f:auto_generated   ; work         ;
;    |lpm_dff0:inst1|                       ; 0 (0)             ; 8 (0)        ; 0                 ; 0            ; 0       ; 0         ; 0         ; 0    ; 0            ; |memory|lpm_dff0:inst1                                                                ; work         ;
;       |lpm_ff:lpm_ff_component|           ; 0 (0)             ; 8 (8)        ; 0                 ; 0            ; 0       ; 0         ; 0         ; 0    ; 0            ; |memory|lpm_dff0:inst1|lpm_ff:lpm_ff_component                                        ; work         ;
;    |lpm_dff0:inst2|                       ; 0 (0)             ; 8 (0)        ; 0                 ; 0            ; 0       ; 0         ; 0         ; 0    ; 0            ; |memory|lpm_dff0:inst2                                                                ; work         ;
;       |lpm_ff:lpm_ff_component|           ; 0 (0)             ; 8 (8)        ; 0                 ; 0            ; 0       ; 0         ; 0         ; 0    ; 0            ; |memory|lpm_dff0:inst2|lpm_ff:lpm_ff_component                                        ; work         ;
;    |lpm_dff0:inst3|                       ; 0 (0)             ; 8 (0)        ; 0                 ; 0            ; 0       ; 0         ; 0         ; 0    ; 0            ; |memory|lpm_dff0:inst3                                                                ; work         ;
;       |lpm_ff:lpm_ff_component|           ; 0 (0)             ; 8 (8)        ; 0                 ; 0            ; 0       ; 0         ; 0         ; 0    ; 0            ; |memory|lpm_dff0:inst3|lpm_ff:lpm_ff_component                                        ; work         ;
;    |lpm_dff0:inst4|                       ; 0 (0)             ; 8 (0)        ; 0                 ; 0            ; 0       ; 0         ; 0         ; 0    ; 0            ; |memory|lpm_dff0:inst4                                                                ; work         ;
;       |lpm_ff:lpm_ff_component|           ; 0 (0)             ; 8 (8)        ; 0                 ; 0            ; 0       ; 0         ; 0         ; 0    ; 0            ; |memory|lpm_dff0:inst4|lpm_ff:lpm_ff_component                                        ; work         ;
;    |lpm_dff0:inst5|                       ; 0 (0)             ; 8 (0)        ; 0                 ; 0            ; 0       ; 0         ; 0         ; 0    ; 0            ; |memory|lpm_dff0:inst5                                                                ; work         ;
;       |lpm_ff:lpm_ff_component|           ; 0 (0)             ; 8 (8)        ; 0                 ; 0            ; 0       ; 0         ; 0         ; 0    ; 0            ; |memory|lpm_dff0:inst5|lpm_ff:lpm_ff_component                                        ; work         ;
;    |lpm_dff0:inst6|                       ; 0 (0)             ; 8 (0)        ; 0                 ; 0            ; 0       ; 0         ; 0         ; 0    ; 0            ; |memory|lpm_dff0:inst6                                                                ; work         ;
;       |lpm_ff:lpm_ff_component|           ; 0 (0)             ; 8 (8)        ; 0                 ; 0            ; 0       ; 0         ; 0         ; 0    ; 0            ; |memory|lpm_dff0:inst6|lpm_ff:lpm_ff_component                                        ; work         ;
;    |lpm_dff0:inst9|                       ; 0 (0)             ; 8 (0)        ; 0                 ; 0            ; 0       ; 0         ; 0         ; 0    ; 0            ; |memory|lpm_dff0:inst9                                                                ; work         ;
;       |lpm_ff:lpm_ff_component|           ; 0 (0)             ; 8 (8)        ; 0                 ; 0            ; 0       ; 0         ; 0         ; 0    ; 0            ; |memory|lpm_dff0:inst9|lpm_ff:lpm_ff_component                                        ; work         ;
;    |lpm_dff0:inst|                        ; 0 (0)             ; 8 (0)        ; 0                 ; 0            ; 0       ; 0         ; 0         ; 0    ; 0            ; |memory|lpm_dff0:inst                                                                 ; work         ;
;       |lpm_ff:lpm_ff_component|           ; 0 (0)             ; 8 (8)        ; 0                 ; 0            ; 0       ; 0         ; 0         ; 0    ; 0            ; |memory|lpm_dff0:inst|lpm_ff:lpm_ff_component                                         ; work         ;
;    |lpm_mux2:inst24|                      ; 28 (0)            ; 0 (0)        ; 0                 ; 0            ; 0       ; 0         ; 0         ; 0    ; 0            ; |memory|lpm_mux2:inst24                                                               ; work         ;
;       |lpm_mux:lpm_mux_component|         ; 28 (0)            ; 0 (0)        ; 0                 ; 0            ; 0       ; 0         ; 0         ; 0    ; 0            ; |memory|lpm_mux2:inst24|lpm_mux:lpm_mux_component                                     ; work         ;
;          |mux_8oc:auto_generated|         ; 28 (28)           ; 0 (0)        ; 0                 ; 0            ; 0       ; 0         ; 0         ; 0    ; 0            ; |memory|lpm_mux2:inst24|lpm_mux:lpm_mux_component|mux_8oc:auto_generated              ; work         ;
+-------------------------------------------+-------------------+--------------+-------------------+--------------+---------+-----------+-----------+------+--------------+---------------------------------------------------------------------------------------+--------------+
Note: For table entries with two numbers listed, the numbers in parentheses indicate the number of resources of the given type used by the specific entity alone. The numbers listed outside of parentheses indicate the total resources of the given type used by the specific entity and all of its sub-entities in the hierarchy.


+------------------------------------------------------+
; General Register Statistics                          ;
+----------------------------------------------+-------+
; Statistic                                    ; Value ;
+----------------------------------------------+-------+
; Total registers                              ; 71    ;
; Number of registers using Synchronous Clear  ; 0     ;
; Number of registers using Synchronous Load   ; 4     ;
; Number of registers using Asynchronous Clear ; 2     ;
; Number of registers using Asynchronous Load  ; 0     ;
; Number of registers using Clock Enable       ; 0     ;
; Number of registers using Preset             ; 0     ;
+----------------------------------------------+-------+


+-------------------------------------------------------------------------------------------------------------------------------------------------------------------------------------------------------------+
; Multiplexer Restructuring Statistics (Restructuring Performed)                                                                                                                                              ;
+--------------------+-----------+---------------+----------------------+------------------------+------------+-----------------------------------------------------------------------------------------------+
; Multiplexer Inputs ; Bus Width ; Baseline Area ; Area if Restructured ; Saving if Restructured ; Registered ; Example Multiplexer Output                                                                    ;
+--------------------+-----------+---------------+----------------------+------------------------+------------+-----------------------------------------------------------------------------------------------+
; 8:1                ; 8 bits    ; 40 ALUTs      ; 40 ALUTs             ; 0 ALUTs                ; No         ; |memory|lpm_mux2:inst24|lpm_mux:lpm_mux_component|mux_8oc:auto_generated|l4_w7_n0_mux_dataout ;
+--------------------+-----------+---------------+----------------------+------------------------+------------+-----------------------------------------------------------------------------------------------+


+------------------------------------------------------------------------------+
; Source assignments for lpm_counter0:inst50|lpm_counter:lpm_counter_component ;
+---------------------------+-------+------+-----------------------------------+
; Assignment                ; Value ; From ; To                                ;
+---------------------------+-------+------+-----------------------------------+
; SUPPRESS_DA_RULE_INTERNAL ; a101  ; -    ; -                                 ;
; SUPPRESS_DA_RULE_INTERNAL ; s102  ; -    ; -                                 ;
; SUPPRESS_DA_RULE_INTERNAL ; s103  ; -    ; -                                 ;
+---------------------------+-------+------+-----------------------------------+


+----------------------------------------------------------------------------------------------------+
; Parameter Settings for User Entity Instance: lpm_compare0:inst42|lpm_compare:lpm_compare_component ;
+------------------------+------------+--------------------------------------------------------------+
; Parameter Name         ; Value      ; Type                                                         ;
+------------------------+------------+--------------------------------------------------------------+
; lpm_width              ; 4          ; Untyped                                                      ;
; LPM_REPRESENTATION     ; UNSIGNED   ; Untyped                                                      ;
; LPM_PIPELINE           ; 0          ; Untyped                                                      ;
; CHAIN_SIZE             ; 8          ; Untyped                                                      ;
; ONE_INPUT_IS_CONSTANT  ; YES        ; Untyped                                                      ;
; CARRY_CHAIN            ; MANUAL     ; Untyped                                                      ;
; CASCADE_CHAIN          ; MANUAL     ; Untyped                                                      ;
; CARRY_CHAIN_LENGTH     ; 48         ; CARRY_CHAIN_LENGTH                                           ;
; CASCADE_CHAIN_LENGTH   ; 2          ; CASCADE_CHAIN_LENGTH                                         ;
; DEVICE_FAMILY          ; Stratix II ; Untyped                                                      ;
; CBXI_PARAMETER         ; cmpr_i8j   ; Untyped                                                      ;
; AUTO_CARRY_CHAINS      ; ON         ; AUTO_CARRY                                                   ;
; IGNORE_CARRY_BUFFERS   ; OFF        ; IGNORE_CARRY                                                 ;
; AUTO_CASCADE_CHAINS    ; ON         ; AUTO_CASCADE                                                 ;
; IGNORE_CASCADE_BUFFERS ; OFF        ; IGNORE_CASCADE                                               ;
+------------------------+------------+--------------------------------------------------------------+
Note: In order to hide this table in the UI and the text report file, please set the "Show Parameter Settings Tables in Synthesis Report" option in "Analysis and Synthesis Settings -> More Settings" to "Off".


+----------------------------------------------------------------------------------------------------+
; Parameter Settings for User Entity Instance: lpm_counter0:inst50|lpm_counter:lpm_counter_component ;
+------------------------+-------------+-------------------------------------------------------------+
; Parameter Name         ; Value       ; Type                                                        ;
+------------------------+-------------+-------------------------------------------------------------+
; AUTO_CARRY_CHAINS      ; ON          ; AUTO_CARRY                                                  ;
; IGNORE_CARRY_BUFFERS   ; OFF         ; IGNORE_CARRY                                                ;
; AUTO_CASCADE_CHAINS    ; ON          ; AUTO_CASCADE                                                ;
; IGNORE_CASCADE_BUFFERS ; OFF         ; IGNORE_CASCADE                                              ;
; LPM_WIDTH              ; 4           ; Untyped                                                     ;
; LPM_DIRECTION          ; UP          ; Untyped                                                     ;
; LPM_MODULUS            ; 0           ; Untyped                                                     ;
; LPM_AVALUE             ; UNUSED      ; Untyped                                                     ;
; LPM_SVALUE             ; 0           ; Untyped                                                     ;
; LPM_PORT_UPDOWN        ; PORT_UNUSED ; Untyped                                                     ;
; DEVICE_FAMILY          ; Stratix II  ; Untyped                                                     ;
; CARRY_CHAIN            ; MANUAL      ; Untyped                                                     ;
; CARRY_CHAIN_LENGTH     ; 48          ; CARRY_CHAIN_LENGTH                                          ;
; NOT_GATE_PUSH_BACK     ; ON          ; NOT_GATE_PUSH_BACK                                          ;
; CARRY_CNT_EN           ; SMART       ; Untyped                                                     ;
; LABWIDE_SCLR           ; ON          ; Untyped                                                     ;
; USE_NEW_VERSION        ; TRUE        ; Untyped                                                     ;
; CBXI_PARAMETER         ; cntr_uaj    ; Untyped                                                     ;
+------------------------+-------------+-------------------------------------------------------------+
Note: In order to hide this table in the UI and the text report file, please set the "Show Parameter Settings Tables in Synthesis Report" option in "Analysis and Synthesis Settings -> More Settings" to "Off".


+------------------------------------------------------------------------------------------------+
; Parameter Settings for User Entity Instance: lpm_bustri0:inst7|lpm_bustri:lpm_bustri_component ;
+----------------+-------+-----------------------------------------------------------------------+
; Parameter Name ; Value ; Type                                                                  ;
+----------------+-------+-----------------------------------------------------------------------+
; LPM_WIDTH      ; 8     ; Untyped                                                               ;
+----------------+-------+-----------------------------------------------------------------------+
Note: In order to hide this table in the UI and the text report file, please set the "Show Parameter Settings Tables in Synthesis Report" option in "Analysis and Synthesis Settings -> More Settings" to "Off".


+----------------------------------------------------------------------------------------+
; Parameter Settings for User Entity Instance: lpm_mux2:inst24|lpm_mux:lpm_mux_component ;
+------------------------+------------+--------------------------------------------------+
; Parameter Name         ; Value      ; Type                                             ;
+------------------------+------------+--------------------------------------------------+
; AUTO_CARRY_CHAINS      ; ON         ; AUTO_CARRY                                       ;
; IGNORE_CARRY_BUFFERS   ; OFF        ; IGNORE_CARRY                                     ;
; AUTO_CASCADE_CHAINS    ; ON         ; AUTO_CASCADE                                     ;
; IGNORE_CASCADE_BUFFERS ; OFF        ; IGNORE_CASCADE                                   ;
; LPM_WIDTH              ; 8          ; Untyped                                          ;
; LPM_SIZE               ; 9          ; Untyped                                          ;
; LPM_WIDTHS             ; 4          ; Untyped                                          ;
; LPM_PIPELINE           ; 0          ; Untyped                                          ;
; CBXI_PARAMETER         ; mux_8oc    ; Untyped                                          ;
; DEVICE_FAMILY          ; Stratix II ; Untyped                                          ;
+------------------------+------------+--------------------------------------------------+
Note: In order to hide this table in the UI and the text report file, please set the "Show Parameter Settings Tables in Synthesis Report" option in "Analysis and Synthesis Settings -> More Settings" to "Off".


+-------------------------------------------------------------------------------------------------------+
; Parameter Settings for User Entity Instance: lpm_constant0:inst41|lpm_constant:lpm_constant_component ;
+--------------------+------------------+---------------------------------------------------------------+
; Parameter Name     ; Value            ; Type                                                          ;
+--------------------+------------------+---------------------------------------------------------------+
; LPM_WIDTH          ; 8                ; Untyped                                                       ;
; LPM_CVALUE         ; 0                ; Untyped                                                       ;
; ENABLE_RUNTIME_MOD ; NO               ; Untyped                                                       ;
; CBXI_PARAMETER     ; lpm_constant_qf6 ; Untyped                                                       ;
+--------------------+------------------+---------------------------------------------------------------+
Note: In order to hide this table in the UI and the text report file, please set the "Show Parameter Settings Tables in Synthesis Report" option in "Analysis and Synthesis Settings -> More Settings" to "Off".


+-------------------------------------------------------------------------------------+
; Parameter Settings for User Entity Instance: lpm_dff0:inst5|lpm_ff:lpm_ff_component ;
+------------------------+------------+-----------------------------------------------+
; Parameter Name         ; Value      ; Type                                          ;
+------------------------+------------+-----------------------------------------------+
; LPM_WIDTH              ; 8          ; Untyped                                       ;
; LPM_AVALUE             ; UNUSED     ; Untyped                                       ;
; LPM_SVALUE             ; UNUSED     ; Untyped                                       ;
; LPM_FFTYPE             ; DFF        ; Untyped                                       ;
; DEVICE_FAMILY          ; Stratix II ; Untyped                                       ;
; CBXI_PARAMETER         ; NOTHING    ; Untyped                                       ;
; AUTO_CARRY_CHAINS      ; ON         ; AUTO_CARRY                                    ;
; IGNORE_CARRY_BUFFERS   ; OFF        ; IGNORE_CARRY                                  ;
; AUTO_CASCADE_CHAINS    ; ON         ; AUTO_CASCADE                                  ;
; IGNORE_CASCADE_BUFFERS ; OFF        ; IGNORE_CASCADE                                ;
+------------------------+------------+-----------------------------------------------+
Note: In order to hide this table in the UI and the text report file, please set the "Show Parameter Settings Tables in Synthesis Report" option in "Analysis and Synthesis Settings -> More Settings" to "Off".


+------------------------------------------------------------------------------------------------+
; Parameter Settings for User Entity Instance: lpm_decode0:inst8|lpm_decode:lpm_decode_component ;
+------------------------+------------+----------------------------------------------------------+
; Parameter Name         ; Value      ; Type                                                     ;
+------------------------+------------+----------------------------------------------------------+
; LPM_WIDTH              ; 4          ; Untyped                                                  ;
; LPM_DECODES            ; 16         ; Untyped                                                  ;
; LPM_PIPELINE           ; 0          ; Untyped                                                  ;
; CASCADE_CHAIN          ; MANUAL     ; Untyped                                                  ;
; DEVICE_FAMILY          ; Stratix II ; Untyped                                                  ;
; CBXI_PARAMETER         ; decode_e9f ; Untyped                                                  ;
; AUTO_CARRY_CHAINS      ; ON         ; AUTO_CARRY                                               ;
; IGNORE_CARRY_BUFFERS   ; OFF        ; IGNORE_CARRY                                             ;
; AUTO_CASCADE_CHAINS    ; ON         ; AUTO_CASCADE                                             ;
; IGNORE_CASCADE_BUFFERS ; OFF        ; IGNORE_CASCADE                                           ;
+------------------------+------------+----------------------------------------------------------+
Note: In order to hide this table in the UI and the text report file, please set the "Show Parameter Settings Tables in Synthesis Report" option in "Analysis and Synthesis Settings -> More Settings" to "Off".


+-------------------------------------------------------------------------------------+
; Parameter Settings for User Entity Instance: lpm_dff0:inst3|lpm_ff:lpm_ff_component ;
+------------------------+------------+-----------------------------------------------+
; Parameter Name         ; Value      ; Type                                          ;
+------------------------+------------+-----------------------------------------------+
; LPM_WIDTH              ; 8          ; Untyped                                       ;
; LPM_AVALUE             ; UNUSED     ; Untyped                                       ;
; LPM_SVALUE             ; UNUSED     ; Untyped                                       ;
; LPM_FFTYPE             ; DFF        ; Untyped                                       ;
; DEVICE_FAMILY          ; Stratix II ; Untyped                                       ;
; CBXI_PARAMETER         ; NOTHING    ; Untyped                                       ;
; AUTO_CARRY_CHAINS      ; ON         ; AUTO_CARRY                                    ;
; IGNORE_CARRY_BUFFERS   ; OFF        ; IGNORE_CARRY                                  ;
; AUTO_CASCADE_CHAINS    ; ON         ; AUTO_CASCADE                                  ;
; IGNORE_CASCADE_BUFFERS ; OFF        ; IGNORE_CASCADE                                ;
+------------------------+------------+-----------------------------------------------+
Note: In order to hide this table in the UI and the text report file, please set the "Show Parameter Settings Tables in Synthesis Report" option in "Analysis and Synthesis Settings -> More Settings" to "Off".


+-------------------------------------------------------------------------------------+
; Parameter Settings for User Entity Instance: lpm_dff0:inst2|lpm_ff:lpm_ff_component ;
+------------------------+------------+-----------------------------------------------+
; Parameter Name         ; Value      ; Type                                          ;
+------------------------+------------+-----------------------------------------------+
; LPM_WIDTH              ; 8          ; Untyped                                       ;
; LPM_AVALUE             ; UNUSED     ; Untyped                                       ;
; LPM_SVALUE             ; UNUSED     ; Untyped                                       ;
; LPM_FFTYPE             ; DFF        ; Untyped                                       ;
; DEVICE_FAMILY          ; Stratix II ; Untyped                                       ;
; CBXI_PARAMETER         ; NOTHING    ; Untyped                                       ;
; AUTO_CARRY_CHAINS      ; ON         ; AUTO_CARRY                                    ;
; IGNORE_CARRY_BUFFERS   ; OFF        ; IGNORE_CARRY                                  ;
; AUTO_CASCADE_CHAINS    ; ON         ; AUTO_CASCADE                                  ;
; IGNORE_CASCADE_BUFFERS ; OFF        ; IGNORE_CASCADE                                ;
+------------------------+------------+-----------------------------------------------+
Note: In order to hide this table in the UI and the text report file, please set the "Show Parameter Settings Tables in Synthesis Report" option in "Analysis and Synthesis Settings -> More Settings" to "Off".


+-------------------------------------------------------------------------------------+
; Parameter Settings for User Entity Instance: lpm_dff0:inst1|lpm_ff:lpm_ff_component ;
+------------------------+------------+-----------------------------------------------+
; Parameter Name         ; Value      ; Type                                          ;
+------------------------+------------+-----------------------------------------------+
; LPM_WIDTH              ; 8          ; Untyped                                       ;
; LPM_AVALUE             ; UNUSED     ; Untyped                                       ;
; LPM_SVALUE             ; UNUSED     ; Untyped                                       ;
; LPM_FFTYPE             ; DFF        ; Untyped                                       ;
; DEVICE_FAMILY          ; Stratix II ; Untyped                                       ;
; CBXI_PARAMETER         ; NOTHING    ; Untyped                                       ;
; AUTO_CARRY_CHAINS      ; ON         ; AUTO_CARRY                                    ;
; IGNORE_CARRY_BUFFERS   ; OFF        ; IGNORE_CARRY                                  ;
; AUTO_CASCADE_CHAINS    ; ON         ; AUTO_CASCADE                                  ;
; IGNORE_CASCADE_BUFFERS ; OFF        ; IGNORE_CASCADE                                ;
+------------------------+------------+-----------------------------------------------+
Note: In order to hide this table in the UI and the text report file, please set the "Show Parameter Settings Tables in Synthesis Report" option in "Analysis and Synthesis Settings -> More Settings" to "Off".


+------------------------------------------------------------------------------------+
; Parameter Settings for User Entity Instance: lpm_dff0:inst|lpm_ff:lpm_ff_component ;
+------------------------+------------+----------------------------------------------+
; Parameter Name         ; Value      ; Type                                         ;
+------------------------+------------+----------------------------------------------+
; LPM_WIDTH              ; 8          ; Untyped                                      ;
; LPM_AVALUE             ; UNUSED     ; Untyped                                      ;
; LPM_SVALUE             ; UNUSED     ; Untyped                                      ;
; LPM_FFTYPE             ; DFF        ; Untyped                                      ;
; DEVICE_FAMILY          ; Stratix II ; Untyped                                      ;
; CBXI_PARAMETER         ; NOTHING    ; Untyped                                      ;
; AUTO_CARRY_CHAINS      ; ON         ; AUTO_CARRY                                   ;
; IGNORE_CARRY_BUFFERS   ; OFF        ; IGNORE_CARRY                                 ;
; AUTO_CASCADE_CHAINS    ; ON         ; AUTO_CASCADE                                 ;
; IGNORE_CASCADE_BUFFERS ; OFF        ; IGNORE_CASCADE                               ;
+------------------------+------------+----------------------------------------------+
Note: In order to hide this table in the UI and the text report file, please set the "Show Parameter Settings Tables in Synthesis Report" option in "Analysis and Synthesis Settings -> More Settings" to "Off".


+-------------------------------------------------------------------------------------+
; Parameter Settings for User Entity Instance: lpm_dff0:inst4|lpm_ff:lpm_ff_component ;
+------------------------+------------+-----------------------------------------------+
; Parameter Name         ; Value      ; Type                                          ;
+------------------------+------------+-----------------------------------------------+
; LPM_WIDTH              ; 8          ; Untyped                                       ;
; LPM_AVALUE             ; UNUSED     ; Untyped                                       ;
; LPM_SVALUE             ; UNUSED     ; Untyped                                       ;
; LPM_FFTYPE             ; DFF        ; Untyped                                       ;
; DEVICE_FAMILY          ; Stratix II ; Untyped                                       ;
; CBXI_PARAMETER         ; NOTHING    ; Untyped                                       ;
; AUTO_CARRY_CHAINS      ; ON         ; AUTO_CARRY                                    ;
; IGNORE_CARRY_BUFFERS   ; OFF        ; IGNORE_CARRY                                  ;
; AUTO_CASCADE_CHAINS    ; ON         ; AUTO_CASCADE                                  ;
; IGNORE_CASCADE_BUFFERS ; OFF        ; IGNORE_CASCADE                                ;
+------------------------+------------+-----------------------------------------------+
Note: In order to hide this table in the UI and the text report file, please set the "Show Parameter Settings Tables in Synthesis Report" option in "Analysis and Synthesis Settings -> More Settings" to "Off".


+-------------------------------------------------------------------------------------+
; Parameter Settings for User Entity Instance: lpm_dff0:inst6|lpm_ff:lpm_ff_component ;
+------------------------+------------+-----------------------------------------------+
; Parameter Name         ; Value      ; Type                                          ;
+------------------------+------------+-----------------------------------------------+
; LPM_WIDTH              ; 8          ; Untyped                                       ;
; LPM_AVALUE             ; UNUSED     ; Untyped                                       ;
; LPM_SVALUE             ; UNUSED     ; Untyped                                       ;
; LPM_FFTYPE             ; DFF        ; Untyped                                       ;
; DEVICE_FAMILY          ; Stratix II ; Untyped                                       ;
; CBXI_PARAMETER         ; NOTHING    ; Untyped                                       ;
; AUTO_CARRY_CHAINS      ; ON         ; AUTO_CARRY                                    ;
; IGNORE_CARRY_BUFFERS   ; OFF        ; IGNORE_CARRY                                  ;
; AUTO_CASCADE_CHAINS    ; ON         ; AUTO_CASCADE                                  ;
; IGNORE_CASCADE_BUFFERS ; OFF        ; IGNORE_CASCADE                                ;
+------------------------+------------+-----------------------------------------------+
Note: In order to hide this table in the UI and the text report file, please set the "Show Parameter Settings Tables in Synthesis Report" option in "Analysis and Synthesis Settings -> More Settings" to "Off".


+-------------------------------------------------------------------------------------+
; Parameter Settings for User Entity Instance: lpm_dff0:inst9|lpm_ff:lpm_ff_component ;
+------------------------+------------+-----------------------------------------------+
; Parameter Name         ; Value      ; Type                                          ;
+------------------------+------------+-----------------------------------------------+
; LPM_WIDTH              ; 8          ; Untyped                                       ;
; LPM_AVALUE             ; UNUSED     ; Untyped                                       ;
; LPM_SVALUE             ; UNUSED     ; Untyped                                       ;
; LPM_FFTYPE             ; DFF        ; Untyped                                       ;
; DEVICE_FAMILY          ; Stratix II ; Untyped                                       ;
; CBXI_PARAMETER         ; NOTHING    ; Untyped                                       ;
; AUTO_CARRY_CHAINS      ; ON         ; AUTO_CARRY                                    ;
; IGNORE_CARRY_BUFFERS   ; OFF        ; IGNORE_CARRY                                  ;
; AUTO_CASCADE_CHAINS    ; ON         ; AUTO_CASCADE                                  ;
; IGNORE_CASCADE_BUFFERS ; OFF        ; IGNORE_CASCADE                                ;
+------------------------+------------+-----------------------------------------------+
Note: In order to hide this table in the UI and the text report file, please set the "Show Parameter Settings Tables in Synthesis Report" option in "Analysis and Synthesis Settings -> More Settings" to "Off".


+-------------------------------+
; Analysis & Synthesis Messages ;
+-------------------------------+
Info: *******************************************************************
Info: Running Quartus II Analysis & Synthesis
    Info: Version 9.1 Build 222 10/21/2009 SJ Web Edition
    Info: Processing started: Wed Oct 17 08:26:52 2018
Info: Command: quartus_map --read_settings_files=on --write_settings_files=off Memory -c Memory
Warning: Tcl Script File lpm_constant1.qip not found
    Info: set_global_assignment -name QIP_FILE lpm_constant1.qip
Warning: Tcl Script File lpm_counter1.qip not found
    Info: set_global_assignment -name QIP_FILE lpm_counter1.qip
Warning: Tcl Script File lpm_add_sub0.qip not found
    Info: set_global_assignment -name QIP_FILE lpm_add_sub0.qip
Info: Found 1 design units, including 1 entities, in source file buffer.bdf
    Info: Found entity 1: Buffer
Warning: Using design file memory.bdf, which is not specified as a design file for the current project, but contains definitions for 1 design units and 1 entities in project
    Info: Found entity 1: memory
Info: Elaborating entity "Memory" for the top level hierarchy
Warning: Pin "buffer_size" not connected
Warning: Using design file lpm_compare0.tdf, which is not specified as a design file for the current project, but contains definitions for 1 design units and 1 entities in project
    Info: Found entity 1: lpm_compare0
Info: Elaborating entity "lpm_compare0" for hierarchy "lpm_compare0:inst42"
Info: Elaborating entity "lpm_compare" for hierarchy "lpm_compare0:inst42|lpm_compare:lpm_compare_component"
Info: Elaborated megafunction instantiation "lpm_compare0:inst42|lpm_compare:lpm_compare_component"
Info: Instantiated megafunction "lpm_compare0:inst42|lpm_compare:lpm_compare_component" with the following parameter:
    Info: Parameter "LPM_TYPE" = "LPM_COMPARE"
    Info: Parameter "LPM_HINT" = "ONE_INPUT_IS_CONSTANT=YES"
    Info: Parameter "LPM_WIDTH" = "4"
    Info: Parameter "LPM_REPRESENTATION" = "UNSIGNED"
Info: Found 1 design units, including 1 entities, in source file db/cmpr_i8j.tdf
    Info: Found entity 1: cmpr_i8j
Info: Elaborating entity "cmpr_i8j" for hierarchy "lpm_compare0:inst42|lpm_compare:lpm_compare_component|cmpr_i8j:auto_generated"
Warning: Using design file lpm_counter0.tdf, which is not specified as a design file for the current project, but contains definitions for 1 design units and 1 entities in project
    Info: Found entity 1: lpm_counter0
Info: Elaborating entity "lpm_counter0" for hierarchy "lpm_counter0:inst50"
Info: Elaborating entity "lpm_counter" for hierarchy "lpm_counter0:inst50|lpm_counter:lpm_counter_component"
Info: Elaborated megafunction instantiation "lpm_counter0:inst50|lpm_counter:lpm_counter_component"
Info: Instantiated megafunction "lpm_counter0:inst50|lpm_counter:lpm_counter_component" with the following parameter:
    Info: Parameter "LPM_TYPE" = "LPM_COUNTER"
    Info: Parameter "LPM_WIDTH" = "4"
    Info: Parameter "LPM_DIRECTION" = "UP"
    Info: Parameter "LPM_SVALUE" = "0"
    Info: Parameter "LPM_PORT_UPDOWN" = "PORT_UNUSED"
Info: Found 1 design units, including 1 entities, in source file db/cntr_uaj.tdf
    Info: Found entity 1: cntr_uaj
Info: Elaborating entity "cntr_uaj" for hierarchy "lpm_counter0:inst50|lpm_counter:lpm_counter_component|cntr_uaj:auto_generated"
Warning: Using design file lpm_bustri0.tdf, which is not specified as a design file for the current project, but contains definitions for 1 design units and 1 entities in project
    Info: Found entity 1: lpm_bustri0
Info: Elaborating entity "lpm_bustri0" for hierarchy "lpm_bustri0:inst7"
Info: Elaborating entity "lpm_bustri" for hierarchy "lpm_bustri0:inst7|lpm_bustri:lpm_bustri_component"
Info: Elaborated megafunction instantiation "lpm_bustri0:inst7|lpm_bustri:lpm_bustri_component"
Info: Instantiated megafunction "lpm_bustri0:inst7|lpm_bustri:lpm_bustri_component" with the following parameter:
    Info: Parameter "LPM_TYPE" = "LPM_BUSTRI"
    Info: Parameter "LPM_WIDTH" = "8"
Warning: Using design file lpm_mux2.tdf, which is not specified as a design file for the current project, but contains definitions for 1 design units and 1 entities in project
    Info: Found entity 1: lpm_mux2
Info: Elaborating entity "lpm_mux2" for hierarchy "lpm_mux2:inst24"
Info: Elaborating entity "lpm_mux" for hierarchy "lpm_mux2:inst24|lpm_mux:lpm_mux_component"
Info: Elaborated megafunction instantiation "lpm_mux2:inst24|lpm_mux:lpm_mux_component"
Info: Instantiated megafunction "lpm_mux2:inst24|lpm_mux:lpm_mux_component" with the following parameter:
    Info: Parameter "LPM_TYPE" = "LPM_MUX"
    Info: Parameter "LPM_WIDTH" = "8"
    Info: Parameter "LPM_SIZE" = "9"
    Info: Parameter "LPM_WIDTHS" = "4"
Info: Found 1 design units, including 1 entities, in source file db/mux_8oc.tdf
    Info: Found entity 1: mux_8oc
Info: Elaborating entity "mux_8oc" for hierarchy "lpm_mux2:inst24|lpm_mux:lpm_mux_component|mux_8oc:auto_generated"
Warning: Using design file lpm_constant0.tdf, which is not specified as a design file for the current project, but contains definitions for 1 design units and 1 entities in project
    Info: Found entity 1: lpm_constant0
Info: Elaborating entity "lpm_constant0" for hierarchy "lpm_constant0:inst41"
Info: Elaborating entity "lpm_constant" for hierarchy "lpm_constant0:inst41|lpm_constant:lpm_constant_component"
Info: Elaborated megafunction instantiation "lpm_constant0:inst41|lpm_constant:lpm_constant_component"
Info: Instantiated megafunction "lpm_constant0:inst41|lpm_constant:lpm_constant_component" with the following parameter:
    Info: Parameter "LPM_TYPE" = "LPM_CONSTANT"
    Info: Parameter "LPM_HINT" = "ENABLE_RUNTIME_MOD=NO"
    Info: Parameter "LPM_WIDTH" = "8"
    Info: Parameter "LPM_CVALUE" = "0"
Warning: Using design file lpm_dff0.tdf, which is not specified as a design file for the current project, but contains definitions for 1 design units and 1 entities in project
    Info: Found entity 1: lpm_dff0
Info: Elaborating entity "lpm_dff0" for hierarchy "lpm_dff0:inst5"
Info: Elaborating entity "lpm_ff" for hierarchy "lpm_dff0:inst5|lpm_ff:lpm_ff_component"
Info: Elaborated megafunction instantiation "lpm_dff0:inst5|lpm_ff:lpm_ff_component"
Info: Instantiated megafunction "lpm_dff0:inst5|lpm_ff:lpm_ff_component" with the following parameter:
    Info: Parameter "LPM_TYPE" = "LPM_FF"
    Info: Parameter "LPM_WIDTH" = "8"
    Info: Parameter "LPM_FFTYPE" = "DFF"
Warning: Using design file lpm_decode0.tdf, which is not specified as a design file for the current project, but contains definitions for 1 design units and 1 entities in project
    Info: Found entity 1: lpm_decode0
Info: Elaborating entity "lpm_decode0" for hierarchy "lpm_decode0:inst8"
Info: Elaborating entity "lpm_decode" for hierarchy "lpm_decode0:inst8|lpm_decode:lpm_decode_component"
Info: Elaborated megafunction instantiation "lpm_decode0:inst8|lpm_decode:lpm_decode_component"
Info: Instantiated megafunction "lpm_decode0:inst8|lpm_decode:lpm_decode_component" with the following parameter:
    Info: Parameter "LPM_TYPE" = "LPM_DECODE"
    Info: Parameter "LPM_WIDTH" = "4"
    Info: Parameter "LPM_DECODES" = "16"
Info: Found 1 design units, including 1 entities, in source file db/decode_e9f.tdf
    Info: Found entity 1: decode_e9f
Info: Elaborating entity "decode_e9f" for hierarchy "lpm_decode0:inst8|lpm_decode:lpm_decode_component|decode_e9f:auto_generated"
Warning: Tri-state node(s) do not directly drive top-level pin(s)
    Warning: Converted the fan-out from the tri-state buffer "lpm_bustri0:inst7|lpm_bustri:lpm_bustri_component|din[7]" to the node "lpm_dff0:inst5|lpm_ff:lpm_ff_component|dffs[7]" into an OR gate
    Warning: Converted the fan-out from the tri-state buffer "lpm_bustri0:inst7|lpm_bustri:lpm_bustri_component|din[6]" to the node "lpm_dff0:inst5|lpm_ff:lpm_ff_component|dffs[6]" into an OR gate
    Warning: Converted the fan-out from the tri-state buffer "lpm_bustri0:inst7|lpm_bustri:lpm_bustri_component|din[5]" to the node "lpm_dff0:inst5|lpm_ff:lpm_ff_component|dffs[5]" into an OR gate
    Warning: Converted the fan-out from the tri-state buffer "lpm_bustri0:inst7|lpm_bustri:lpm_bustri_component|din[4]" to the node "lpm_dff0:inst5|lpm_ff:lpm_ff_component|dffs[4]" into an OR gate
    Warning: Converted the fan-out from the tri-state buffer "lpm_bustri0:inst7|lpm_bustri:lpm_bustri_component|din[3]" to the node "lpm_dff0:inst5|lpm_ff:lpm_ff_component|dffs[3]" into an OR gate
    Warning: Converted the fan-out from the tri-state buffer "lpm_bustri0:inst7|lpm_bustri:lpm_bustri_component|din[2]" to the node "lpm_dff0:inst5|lpm_ff:lpm_ff_component|dffs[2]" into an OR gate
    Warning: Converted the fan-out from the tri-state buffer "lpm_bustri0:inst7|lpm_bustri:lpm_bustri_component|din[1]" to the node "lpm_dff0:inst5|lpm_ff:lpm_ff_component|dffs[1]" into an OR gate
    Warning: Converted the fan-out from the tri-state buffer "lpm_bustri0:inst7|lpm_bustri:lpm_bustri_component|din[0]" to the node "lpm_dff0:inst5|lpm_ff:lpm_ff_component|dffs[0]" into an OR gate
Warning: Design contains 4 input pin(s) that do not drive logic
    Warning (15610): No output dependent on input pin "buffer_size[3]"
    Warning (15610): No output dependent on input pin "buffer_size[2]"
    Warning (15610): No output dependent on input pin "buffer_size[1]"
    Warning (15610): No output dependent on input pin "buffer_size[0]"
Info: Implemented 228 device resources after synthesis - the final resource count might be different
    Info: Implemented 7 input pins
    Info: Implemented 87 output pins
    Info: Implemented 8 bidirectional pins
    Info: Implemented 126 logic cells
Info: Quartus II Analysis & Synthesis was successful. 0 errors, 26 warnings
    Info: Peak virtual memory: 257 megabytes
    Info: Processing ended: Wed Oct 17 08:26:58 2018
    Info: Elapsed time: 00:00:06
    Info: Total CPU time (on all processors): 00:00:07


